-------------------------------------------------------------------------------
Test set: RunCucumberTest
-------------------------------------------------------------------------------
Tests run: 14, Failures: 11, Errors: 0, Skipped: 0, Time elapsed: 2.759 s <<< FAILURE! - in RunCucumberTest
View confirmed guests of an event.Organizer views the confirmed guests of an event  Time elapsed: 0.59 s  <<< FAILURE!
java.lang.AssertionError
	at org.junit.Assert.fail(Assert.java:87)
	at org.junit.Assert.assertTrue(Assert.java:42)
	at org.junit.Assert.assertTrue(Assert.java:53)
	at steps.ViewGuestsSteps.containsGuests(ViewGuestsSteps.java:98)
	at ✽.the response should contain a list of confirmed guests(file:///C:/Users/juanc/Documents/UNAL/Trabajos/Semestre%206/FastEventManager-main/FastEventManager-main/acceptance-tests/src/test/resources/features/ViewGuests.feature:15)

User registration.Successful user registration  Time elapsed: 0.083 s  <<< FAILURE!
java.lang.AssertionError: expected:<201> but was:<409>
	at org.junit.Assert.fail(Assert.java:89)
	at org.junit.Assert.failNotEquals(Assert.java:835)
	at org.junit.Assert.assertEquals(Assert.java:647)
	at org.junit.Assert.assertEquals(Assert.java:633)
	at steps.RegistrationSteps.the_system_should_create_the_user_in_the_database(RegistrationSteps.java:117)
	at ✽.the system should create the user in the database(file:///C:/Users/juanc/Documents/UNAL/Trabajos/Semestre%206/FastEventManager-main/FastEventManager-main/acceptance-tests/src/test/resources/features/create_account.feature:21)

User registration.Registration fails when username is already registered  Time elapsed: 0.09 s  <<< FAILURE!
java.lang.AssertionError
	at org.junit.Assert.fail(Assert.java:87)
	at org.junit.Assert.assertTrue(Assert.java:42)
	at org.junit.Assert.assertTrue(Assert.java:53)
	at steps.RegistrationSteps.the_system_should_throw_an_error(RegistrationSteps.java:128)
	at ✽.the system should throw an error "Username already in use"(file:///C:/Users/juanc/Documents/UNAL/Trabajos/Semestre%206/FastEventManager-main/FastEventManager-main/acceptance-tests/src/test/resources/features/create_account.feature:46)

Create event.Successful event creation  Time elapsed: 0.101 s  <<< FAILURE!
java.lang.AssertionError: expected:<200> but was:<409>
	at org.junit.Assert.fail(Assert.java:89)
	at org.junit.Assert.failNotEquals(Assert.java:835)
	at org.junit.Assert.assertEquals(Assert.java:647)
	at org.junit.Assert.assertEquals(Assert.java:633)
	at steps.AuthSteps.the_organizer_is_authenticated(AuthSteps.java:55)
	at ✽.the organizer is authenticated(file:///C:/Users/juanc/Documents/UNAL/Trabajos/Semestre%206/FastEventManager-main/FastEventManager-main/acceptance-tests/src/test/resources/features/create_event.feature:14)

Create event.Event creation fails when fields are missing  Time elapsed: 0.095 s  <<< FAILURE!
java.lang.AssertionError: expected:<200> but was:<409>
	at org.junit.Assert.fail(Assert.java:89)
	at org.junit.Assert.failNotEquals(Assert.java:835)
	at org.junit.Assert.assertEquals(Assert.java:647)
	at org.junit.Assert.assertEquals(Assert.java:633)
	at steps.AuthSteps.the_organizer_is_authenticated(AuthSteps.java:55)
	at ✽.the organizer is authenticated(file:///C:/Users/juanc/Documents/UNAL/Trabajos/Semestre%206/FastEventManager-main/FastEventManager-main/acceptance-tests/src/test/resources/features/create_event.feature:26)

Delete event.Organizer deletes an existing event  Time elapsed: 0.094 s  <<< FAILURE!
java.lang.AssertionError: expected:<200> but was:<409>
	at org.junit.Assert.fail(Assert.java:89)
	at org.junit.Assert.failNotEquals(Assert.java:835)
	at org.junit.Assert.assertEquals(Assert.java:647)
	at org.junit.Assert.assertEquals(Assert.java:633)
	at steps.AuthSteps.the_organizer_is_authenticated(AuthSteps.java:55)
	at ✽.the organizer is authenticated(file:///C:/Users/juanc/Documents/UNAL/Trabajos/Semestre%206/FastEventManager-main/FastEventManager-main/acceptance-tests/src/test/resources/features/delete_event.feature:16)

Delete event.Organizer attempts to delete a non-existing event  Time elapsed: 0.134 s  <<< FAILURE!
java.lang.AssertionError: expected:<200> but was:<409>
	at org.junit.Assert.fail(Assert.java:89)
	at org.junit.Assert.failNotEquals(Assert.java:835)
	at org.junit.Assert.assertEquals(Assert.java:647)
	at org.junit.Assert.assertEquals(Assert.java:633)
	at steps.AuthSteps.the_organizer_is_authenticated(AuthSteps.java:55)
	at ✽.the organizer is authenticated(file:///C:/Users/juanc/Documents/UNAL/Trabajos/Semestre%206/FastEventManager-main/FastEventManager-main/acceptance-tests/src/test/resources/features/delete_event.feature:24)

Organizer user login.Login with valid credentials  Time elapsed: 0.111 s  <<< FAILURE!
java.lang.AssertionError: expected:<200> but was:<409>
	at org.junit.Assert.fail(Assert.java:89)
	at org.junit.Assert.failNotEquals(Assert.java:835)
	at org.junit.Assert.assertEquals(Assert.java:647)
	at org.junit.Assert.assertEquals(Assert.java:633)
	at steps.LoginSteps.the_system_should_authenticate_the_user(LoginSteps.java:77)
	at ✽.the system should authenticate the user(file:///C:/Users/juanc/Documents/UNAL/Trabajos/Semestre%206/FastEventManager-main/FastEventManager-main/acceptance-tests/src/test/resources/features/login.feature:19)

Password reset.Successful password reset request  Time elapsed: 0.066 s  <<< FAILURE!
java.lang.AssertionError: expected:<200> but was:<404>
	at org.junit.Assert.fail(Assert.java:89)
	at org.junit.Assert.failNotEquals(Assert.java:835)
	at org.junit.Assert.assertEquals(Assert.java:647)
	at org.junit.Assert.assertEquals(Assert.java:633)
	at steps.ResetPasswordSteps.the_system_should_send_a_password_reset_link_to(ResetPasswordSteps.java:70)
	at ✽.the system should send a password reset link to "john@example.com"(file:///C:/Users/juanc/Documents/UNAL/Trabajos/Semestre%206/FastEventManager-main/FastEventManager-main/acceptance-tests/src/test/resources/features/reset_password.feature:17)

Password reset.Password reset fails when the email does not exist  Time elapsed: 0.015 s  <<< FAILURE!
java.lang.AssertionError
	at org.junit.Assert.fail(Assert.java:87)
	at org.junit.Assert.assertTrue(Assert.java:42)
	at org.junit.Assert.assertTrue(Assert.java:53)
	at steps.CommonSteps.the_response_should_contain_message(CommonSteps.java:16)
	at ✽.the response should contain message "User not found"(file:///C:/Users/juanc/Documents/UNAL/Trabajos/Semestre%206/FastEventManager-main/FastEventManager-main/acceptance-tests/src/test/resources/features/reset_password.feature:28)

Share event link.Organizer copies the event share link  Time elapsed: 0.09 s  <<< FAILURE!
java.lang.AssertionError: expected:<200> but was:<409>
	at org.junit.Assert.fail(Assert.java:89)
	at org.junit.Assert.failNotEquals(Assert.java:835)
	at org.junit.Assert.assertEquals(Assert.java:647)
	at org.junit.Assert.assertEquals(Assert.java:633)
	at steps.AuthSteps.the_organizer_is_authenticated(AuthSteps.java:55)
	at ✽.the organizer is authenticated(file:///C:/Users/juanc/Documents/UNAL/Trabajos/Semestre%206/FastEventManager-main/FastEventManager-main/acceptance-tests/src/test/resources/features/share_event.feature:13)

