<?xml version="1.0" encoding="UTF-8"?>
<testsuite xmlns:xsi="http://www.w3.org/2001/XMLSchema-instance" xsi:noNamespaceSchemaLocation="https://maven.apache.org/surefire/maven-surefire-plugin/xsd/surefire-test-report-3.0.xsd" version="3.0" name="RunCucumberTest" time="2.759" tests="14" errors="0" skipped="0" failures="11">
  <properties>
[...]
</properties>
  <testcase name="Organizer views the confirmed guests of an event" classname="View confirmed guests of an event" time="0.59">
    <failure type="java.lang.AssertionError"><![CDATA[java.lang.AssertionError
	at org.junit.Assert.fail(Assert.java:87)
	at org.junit.Assert.assertTrue(Assert.java:42)
	at org.junit.Assert.assertTrue(Assert.java:53)
	at steps.ViewGuestsSteps.containsGuests(ViewGuestsSteps.java:98)
	at ✽.the response should contain a list of confirmed guests(file:///C:/Users/juanc/Documents/UNAL/Trabajos/Semestre%206/FastEventManager-main/FastEventManager-main/acceptance-tests/src/test/resources/features/ViewGuests.feature:15)
]]></failure>
    <system-out><![CDATA[
Scenario: Organizer views the confirmed guests of an event                       &amp#27;[90m# src/test/resources/features/ViewGuests.feature:11&amp#27;[0m
  &amp#27;[32mGiven &amp#27;[0m&amp#27;[32mthe organizer is authenticated with user id &amp#27;[0m&amp#27;[32m&amp#27;[1m1&amp#27;[0m                            &amp#27;[90m# steps.ViewGuestsSteps.authenticated(int)&amp#27;[0m
  &amp#27;[32mGiven &amp#27;[0m&amp#27;[32man event is created with name &amp#27;[0m&amp#27;[32m&amp#27;[1m"Party"&amp#27;[0m&amp#27;[32m and id &amp#27;[0m&amp#27;[32m&amp#27;[1m10&amp#27;[0m&amp#27;[32m and has confirmed guests&amp#27;[0m &amp#27;[90m# steps.ViewGuestsSteps.createEventWithGuests(java.lang.String,int)&amp#27;[0m
  &amp#27;[32mWhen &amp#27;[0m&amp#27;[32mthe organizer requests the confirmed guests of event &amp#27;[0m&amp#27;[32m&amp#27;[1m10&amp#27;[0m                   &amp#27;[90m# steps.ViewGuestsSteps.requestGuests(int)&amp#27;[0m
  &amp#27;[32mThen &amp#27;[0m&amp#27;[32mthe system should return status &amp#27;[0m&amp#27;[32m&amp#27;[1m200&amp#27;[0m                                       &amp#27;[90m# steps.ViewGuestsSteps.statusIs(int)&amp#27;[0m
  &amp#27;[31mAnd &amp#27;[0m&amp#27;[31mthe response should contain a list of confirmed guests&amp#27;[0m                     &amp#27;[90m# steps.ViewGuestsSteps.containsGuests()&amp#27;[0m
      &amp#27;[31mjava.lang.AssertionError
	at org.junit.Assert.fail(Assert.java:87)
	at org.junit.Assert.assertTrue(Assert.java:42)
	at org.junit.Assert.assertTrue(Assert.java:53)
	at steps.ViewGuestsSteps.containsGuests(ViewGuestsSteps.java:98)
	at âœ½.the response should contain a list of confirmed guests(file:///C:/Users/juanc/Documents/UNAL/Trabajos/Semestre%206/FastEventManager-main/FastEventManager-main/acceptance-tests/src/test/resources/features/ViewGuests.feature:15)
&amp#27;[0m
]]></system-out>
  </testcase>
  <testcase name="Organizer views an event with no confirmed guests" classname="View confirmed guests of an event" time="0.073">
    <system-out><![CDATA[
Scenario: Organizer views an event with no confirmed guests                           &amp#27;[90m# src/test/resources/features/ViewGuests.feature:17&amp#27;[0m
  &amp#27;[32mGiven &amp#27;[0m&amp#27;[32mthe organizer is authenticated with user id &amp#27;[0m&amp#27;[32m&amp#27;[1m1&amp#27;[0m                                 &amp#27;[90m# steps.ViewGuestsSteps.authenticated(int)&amp#27;[0m
  &amp#27;[32mGiven &amp#27;[0m&amp#27;[32man event is created with name &amp#27;[0m&amp#27;[32m&amp#27;[1m"Meeting"&amp#27;[0m&amp#27;[32m and id &amp#27;[0m&amp#27;[32m&amp#27;[1m11&amp#27;[0m&amp#27;[32m and has no confirmed guests&amp#27;[0m &amp#27;[90m# steps.ViewGuestsSteps.createEventNoGuests(java.lang.String,int)&amp#27;[0m
  &amp#27;[32mWhen &amp#27;[0m&amp#27;[32mthe organizer requests the confirmed guests of event &amp#27;[0m&amp#27;[32m&amp#27;[1m11&amp#27;[0m                        &amp#27;[90m# steps.ViewGuestsSteps.requestGuests(int)&amp#27;[0m
  &amp#27;[32mThen &amp#27;[0m&amp#27;[32mthe system should return status &amp#27;[0m&amp#27;[32m&amp#27;[1m200&amp#27;[0m                                            &amp#27;[90m# steps.ViewGuestsSteps.statusIs(int)&amp#27;[0m
  &amp#27;[32mAnd &amp#27;[0m&amp#27;[32mthe response should contain an empty guest list&amp#27;[0m                                 &amp#27;[90m# steps.ViewGuestsSteps.emptyList()&amp#27;[0m
]]></system-out>
  </testcase>
  <testcase name="Successful user registration" classname="User registration" time="0.083">
    <failure message="expected:&lt;201&gt; but was:&lt;409&gt;" type="java.lang.AssertionError"><![CDATA[java.lang.AssertionError: expected:<201> but was:<409>
	at org.junit.Assert.fail(Assert.java:89)
	at org.junit.Assert.failNotEquals(Assert.java:835)
	at org.junit.Assert.assertEquals(Assert.java:647)
	at org.junit.Assert.assertEquals(Assert.java:633)
	at steps.RegistrationSteps.the_system_should_create_the_user_in_the_database(RegistrationSteps.java:117)
	at ✽.the system should create the user in the database(file:///C:/Users/juanc/Documents/UNAL/Trabajos/Semestre%206/FastEventManager-main/FastEventManager-main/acceptance-tests/src/test/resources/features/create_account.feature:21)
]]></failure>
    <system-out><![CDATA[
@successful
Scenario: Successful user registration                                  &amp#27;[90m# src/test/resources/features/create_account.feature:12&amp#27;[0m
  &amp#27;[32mGiven &amp#27;[0m&amp#27;[32ma registration request with:&amp#27;[0m                                    &amp#27;[90m# steps.RegistrationSteps.createRequest(io.cucumber.datatable.DataTable)&amp#27;[0m
    | name     | John Doe         |
    | username | johndoe          |
    | email    | john@example.com |
    | password | secret123        |
  &amp#27;[32mAnd &amp#27;[0m&amp#27;[32mthe email &amp#27;[0m&amp#27;[32m&amp#27;[1m"john@example.com"&amp#27;[0m&amp#27;[32m is not registered&amp#27;[0m                    &amp#27;[90m# steps.RegistrationSteps.the_email_is_not_registered(java.lang.String)&amp#27;[0m
  &amp#27;[32mAnd &amp#27;[0m&amp#27;[32mthe username &amp#27;[0m&amp#27;[32m&amp#27;[1m"johndoe"&amp#27;[0m&amp#27;[32m is not taken&amp#27;[0m                               &amp#27;[90m# steps.RegistrationSteps.the_username_is_not_taken(java.lang.String)&amp#27;[0m
  &amp#27;[32mWhen &amp#27;[0m&amp#27;[32mthe user submits the registration request&amp#27;[0m                        &amp#27;[90m# steps.RegistrationSteps.the_user_submits_the_registration_request()&amp#27;[0m
  &amp#27;[31mThen &amp#27;[0m&amp#27;[31mthe system should create the user in the database&amp#27;[0m                &amp#27;[90m# steps.RegistrationSteps.the_system_should_create_the_user_in_the_database()&amp#27;[0m
      &amp#27;[31mjava.lang.AssertionError: expected:<201> but was:<409>
	at org.junit.Assert.fail(Assert.java:89)
	at org.junit.Assert.failNotEquals(Assert.java:835)
	at org.junit.Assert.assertEquals(Assert.java:647)
	at org.junit.Assert.assertEquals(Assert.java:633)
	at steps.RegistrationSteps.the_system_should_create_the_user_in_the_database(RegistrationSteps.java:117)
	at âœ½.the system should create the user in the database(file:///C:/Users/juanc/Documents/UNAL/Trabajos/Semestre%206/FastEventManager-main/FastEventManager-main/acceptance-tests/src/test/resources/features/create_account.feature:21)
&amp#27;[0m
  &amp#27;[36mAnd &amp#27;[0m&amp#27;[36mthe system should send a confirmation email to &amp#27;[0m&amp#27;[36m&amp#27;[1m"john@example.com"&amp#27;[0m &amp#27;[90m# steps.RegistrationSteps.the_system_should_send_a_confirmation_email(java.lang.String)&amp#27;[0m
]]></system-out>
  </testcase>
  <testcase name="Registration fails when email already exists" classname="User registration" time="0.108">
    <system-out><![CDATA[
@email_taken
Scenario: Registration fails when email already exists         &amp#27;[90m# src/test/resources/features/create_account.feature:25&amp#27;[0m
  &amp#27;[32mGiven &amp#27;[0m&amp#27;[32ma registration request with:&amp#27;[0m                           &amp#27;[90m# steps.RegistrationSteps.createRequest(io.cucumber.datatable.DataTable)&amp#27;[0m
    | name     | John             |
    | username | john1            |
    | email    | john@example.com |
    | password | 12345            |
  &amp#27;[32mAnd &amp#27;[0m&amp#27;[32mthe user already exists with email &amp#27;[0m&amp#27;[32m&amp#27;[1m"john@example.com"&amp#27;[0m    &amp#27;[90m# steps.RegistrationSteps.the_user_already_exists_with_email(java.lang.String)&amp#27;[0m
  &amp#27;[32mWhen &amp#27;[0m&amp#27;[32mthe client sends the registration request&amp#27;[0m               &amp#27;[90m# steps.RegistrationSteps.the_client_sends_the_registration_request()&amp#27;[0m
  &amp#27;[32mThen &amp#27;[0m&amp#27;[32mthe response status should be &amp#27;[0m&amp#27;[32m&amp#27;[1m409&amp#27;[0m                       &amp#27;[90m# steps.CommonSteps.the_response_status_should_be(java.lang.Integer)&amp#27;[0m
  &amp#27;[32mAnd &amp#27;[0m&amp#27;[32mthe response should contain message &amp#27;[0m&amp#27;[32m&amp#27;[1m"Email already used"&amp#27;[0m &amp#27;[90m# steps.CommonSteps.the_response_should_contain_message(java.lang.String)&amp#27;[0m
]]></system-out>
  </testcase>
  <testcase name="Registration fails when username is already registered" classname="User registration" time="0.09">
    <failure type="java.lang.AssertionError"><![CDATA[java.lang.AssertionError
	at org.junit.Assert.fail(Assert.java:87)
	at org.junit.Assert.assertTrue(Assert.java:42)
	at org.junit.Assert.assertTrue(Assert.java:53)
	at steps.RegistrationSteps.the_system_should_throw_an_error(RegistrationSteps.java:128)
	at ✽.the system should throw an error "Username already in use"(file:///C:/Users/juanc/Documents/UNAL/Trabajos/Semestre%206/FastEventManager-main/FastEventManager-main/acceptance-tests/src/test/resources/features/create_account.feature:46)
]]></failure>
    <system-out><![CDATA[
@username_taken
Scenario: Registration fails when username is already registered  &amp#27;[90m# src/test/resources/features/create_account.feature:38&amp#27;[0m
  &amp#27;[32mGiven &amp#27;[0m&amp#27;[32man existing user with username &amp#27;[0m&amp#27;[32m&amp#27;[1m"johndoe"&amp#27;[0m                  &amp#27;[90m# steps.RegistrationSteps.an_existing_user_with_username(java.lang.String)&amp#27;[0m
  &amp#27;[32mAnd &amp#27;[0m&amp#27;[32ma registration request with:&amp#27;[0m                                &amp#27;[90m# steps.RegistrationSteps.createRequest(io.cucumber.datatable.DataTable)&amp#27;[0m
    | name     | John Clone        |
    | username | johndoe           |
    | email    | john3@example.com |
    | password | secret123         |
  &amp#27;[32mWhen &amp#27;[0m&amp#27;[32mthe user submits the registration request&amp#27;[0m                  &amp#27;[90m# steps.RegistrationSteps.the_user_submits_the_registration_request()&amp#27;[0m
  &amp#27;[31mThen &amp#27;[0m&amp#27;[31mthe system should throw an error &amp#27;[0m&amp#27;[31m&amp#27;[1m"Username already in use"&amp#27;[0m &amp#27;[90m# steps.RegistrationSteps.the_system_should_throw_an_error(java.lang.String)&amp#27;[0m
      &amp#27;[31mjava.lang.AssertionError
	at org.junit.Assert.fail(Assert.java:87)
	at org.junit.Assert.assertTrue(Assert.java:42)
	at org.junit.Assert.assertTrue(Assert.java:53)
	at steps.RegistrationSteps.the_system_should_throw_an_error(RegistrationSteps.java:128)
	at âœ½.the system should throw an error "Username already in use"(file:///C:/Users/juanc/Documents/UNAL/Trabajos/Semestre%206/FastEventManager-main/FastEventManager-main/acceptance-tests/src/test/resources/features/create_account.feature:46)
&amp#27;[0m
]]></system-out>
  </testcase>
  <testcase name="Successful event creation" classname="Create event" time="0.101">
    <failure message="expected:&lt;200&gt; but was:&lt;409&gt;" type="java.lang.AssertionError"><![CDATA[java.lang.AssertionError: expected:<200> but was:<409>
	at org.junit.Assert.fail(Assert.java:89)
	at org.junit.Assert.failNotEquals(Assert.java:835)
	at org.junit.Assert.assertEquals(Assert.java:647)
	at org.junit.Assert.assertEquals(Assert.java:633)
	at steps.AuthSteps.the_organizer_is_authenticated(AuthSteps.java:55)
	at ✽.the organizer is authenticated(file:///C:/Users/juanc/Documents/UNAL/Trabajos/Semestre%206/FastEventManager-main/FastEventManager-main/acceptance-tests/src/test/resources/features/create_event.feature:14)
]]></failure>
    <system-out><![CDATA[
@create_event_success
Scenario: Successful event creation                                    &amp#27;[90m# src/test/resources/features/create_event.feature:13&amp#27;[0m
  &amp#27;[31mGiven &amp#27;[0m&amp#27;[31mthe organizer is authenticated&amp#27;[0m                                 &amp#27;[90m# steps.AuthSteps.the_organizer_is_authenticated()&amp#27;[0m
      &amp#27;[31mjava.lang.AssertionError: expected:<200> but was:<409>
	at org.junit.Assert.fail(Assert.java:89)
	at org.junit.Assert.failNotEquals(Assert.java:835)
	at org.junit.Assert.assertEquals(Assert.java:647)
	at org.junit.Assert.assertEquals(Assert.java:633)
	at steps.AuthSteps.the_organizer_is_authenticated(AuthSteps.java:55)
	at âœ½.the organizer is authenticated(file:///C:/Users/juanc/Documents/UNAL/Trabajos/Semestre%206/FastEventManager-main/FastEventManager-main/acceptance-tests/src/test/resources/features/create_event.feature:14)
&amp#27;[0m
  &amp#27;[36mAnd &amp#27;[0m&amp#27;[36man event creation request with:&amp#27;[0m                                  &amp#27;[90m# steps.EventCreationSteps.an_event_creation_request_with(io.cucumber.datatable.DataTable)&amp#27;[0m
    | name        | Birthday Party    |
    | description | Celebration event |
    | date        | 2025-10-12        |
    | location    | New York          |
  &amp#27;[36mWhen &amp#27;[0m&amp#27;[36mthe organizer submits the event creation request&amp#27;[0m                &amp#27;[90m# steps.EventCreationSteps.the_organizer_submits_the_event_creation_request()&amp#27;[0m
  &amp#27;[36mThen &amp#27;[0m&amp#27;[36mthe system should save the event in the database&amp#27;[0m                &amp#27;[90m# steps.EventCreationSteps.the_system_should_save_the_event_in_the_database()&amp#27;[0m
  &amp#27;[36mAnd &amp#27;[0m&amp#27;[36mthe response should contain message &amp#27;[0m&amp#27;[36m&amp#27;[1m"Event created successfully"&amp#27;[0m &amp#27;[90m# steps.CommonSteps.the_response_should_contain_message(java.lang.String)&amp#27;[0m
]]></system-out>
  </testcase>
  <testcase name="Event creation fails when fields are missing" classname="Create event" time="0.095">
    <failure message="expected:&lt;200&gt; but was:&lt;409&gt;" type="java.lang.AssertionError"><![CDATA[java.lang.AssertionError: expected:<200> but was:<409>
	at org.junit.Assert.fail(Assert.java:89)
	at org.junit.Assert.failNotEquals(Assert.java:835)
	at org.junit.Assert.assertEquals(Assert.java:647)
	at org.junit.Assert.assertEquals(Assert.java:633)
	at steps.AuthSteps.the_organizer_is_authenticated(AuthSteps.java:55)
	at ✽.the organizer is authenticated(file:///C:/Users/juanc/Documents/UNAL/Trabajos/Semestre%206/FastEventManager-main/FastEventManager-main/acceptance-tests/src/test/resources/features/create_event.feature:26)
]]></failure>
    <system-out><![CDATA[
@create_event_missing_fields
Scenario: Event creation fails when fields are missing         &amp#27;[90m# src/test/resources/features/create_event.feature:25&amp#27;[0m
  &amp#27;[31mGiven &amp#27;[0m&amp#27;[31mthe organizer is authenticated&amp#27;[0m                         &amp#27;[90m# steps.AuthSteps.the_organizer_is_authenticated()&amp#27;[0m
      &amp#27;[31mjava.lang.AssertionError: expected:<200> but was:<409>
	at org.junit.Assert.fail(Assert.java:89)
	at org.junit.Assert.failNotEquals(Assert.java:835)
	at org.junit.Assert.assertEquals(Assert.java:647)
	at org.junit.Assert.assertEquals(Assert.java:633)
	at steps.AuthSteps.the_organizer_is_authenticated(AuthSteps.java:55)
	at âœ½.the organizer is authenticated(file:///C:/Users/juanc/Documents/UNAL/Trabajos/Semestre%206/FastEventManager-main/FastEventManager-main/acceptance-tests/src/test/resources/features/create_event.feature:26)
&amp#27;[0m
  &amp#27;[36mAnd &amp#27;[0m&amp#27;[36man event creation request with:&amp#27;[0m                          &amp#27;[90m# steps.EventCreationSteps.an_event_creation_request_with(io.cucumber.datatable.DataTable)&amp#27;[0m
    | name        | [empty]    |
    | description | Meeting    |
    | date        | 2025-10-12 |
    | location    | Office     |
  &amp#27;[36mWhen &amp#27;[0m&amp#27;[36mthe organizer submits the event creation request&amp#27;[0m        &amp#27;[90m# steps.EventCreationSteps.the_organizer_submits_the_event_creation_request()&amp#27;[0m
  &amp#27;[36mThen &amp#27;[0m&amp#27;[36mthe response status should be &amp#27;[0m&amp#27;[36m&amp#27;[1m400&amp#27;[0m                       &amp#27;[90m# steps.CommonSteps.the_response_status_should_be(java.lang.Integer)&amp#27;[0m
  &amp#27;[36mAnd &amp#27;[0m&amp#27;[36mthe response should contain message &amp#27;[0m&amp#27;[36m&amp#27;[1m"Invalid event data"&amp#27;[0m &amp#27;[90m# steps.CommonSteps.the_response_should_contain_message(java.lang.String)&amp#27;[0m
]]></system-out>
  </testcase>
  <testcase name="Organizer deletes an existing event" classname="Delete event" time="0.094">
    <failure message="expected:&lt;200&gt; but was:&lt;409&gt;" type="java.lang.AssertionError"><![CDATA[java.lang.AssertionError: expected:<200> but was:<409>
	at org.junit.Assert.fail(Assert.java:89)
	at org.junit.Assert.failNotEquals(Assert.java:835)
	at org.junit.Assert.assertEquals(Assert.java:647)
	at org.junit.Assert.assertEquals(Assert.java:633)
	at steps.AuthSteps.the_organizer_is_authenticated(AuthSteps.java:55)
	at ✽.the organizer is authenticated(file:///C:/Users/juanc/Documents/UNAL/Trabajos/Semestre%206/FastEventManager-main/FastEventManager-main/acceptance-tests/src/test/resources/features/delete_event.feature:16)
]]></failure>
    <system-out><![CDATA[
@delete_success
Scenario: Organizer deletes an existing event                          &amp#27;[90m# src/test/resources/features/delete_event.feature:15&amp#27;[0m
  &amp#27;[31mGiven &amp#27;[0m&amp#27;[31mthe organizer is authenticated&amp#27;[0m                                 &amp#27;[90m# steps.AuthSteps.the_organizer_is_authenticated()&amp#27;[0m
      &amp#27;[31mjava.lang.AssertionError: expected:<200> but was:<409>
	at org.junit.Assert.fail(Assert.java:89)
	at org.junit.Assert.failNotEquals(Assert.java:835)
	at org.junit.Assert.assertEquals(Assert.java:647)
	at org.junit.Assert.assertEquals(Assert.java:633)
	at steps.AuthSteps.the_organizer_is_authenticated(AuthSteps.java:55)
	at âœ½.the organizer is authenticated(file:///C:/Users/juanc/Documents/UNAL/Trabajos/Semestre%206/FastEventManager-main/FastEventManager-main/acceptance-tests/src/test/resources/features/delete_event.feature:16)
&amp#27;[0m
  &amp#27;[36mAnd &amp#27;[0m&amp#27;[36man event exists with id &amp#27;[0m&amp#27;[36m&amp#27;[1m"10"&amp#27;[0m                                     &amp#27;[90m# steps.DeleteEventSteps.an_event_exists_with_id(java.lang.String)&amp#27;[0m
  &amp#27;[36mWhen &amp#27;[0m&amp#27;[36mthe organizer deletes the event with id &amp#27;[0m&amp#27;[36m&amp#27;[1m"10"&amp#27;[0m                    &amp#27;[90m# steps.DeleteEventSteps.the_organizer_deletes_the_event_with_id(java.lang.String)&amp#27;[0m
  &amp#27;[36mThen &amp#27;[0m&amp#27;[36mthe system should respond with status &amp#27;[0m&amp#27;[36m&amp#27;[1m200&amp#27;[0m                       &amp#27;[90m# steps.DeleteEventSteps.the_system_should_respond_with_status(java.lang.Integer)&amp#27;[0m
  &amp#27;[36mAnd &amp#27;[0m&amp#27;[36mthe response should contain message &amp#27;[0m&amp#27;[36m&amp#27;[1m"Event deleted successfully"&amp#27;[0m &amp#27;[90m# steps.CommonSteps.the_response_should_contain_message(java.lang.String)&amp#27;[0m
]]></system-out>
  </testcase>
  <testcase name="Organizer attempts to delete a non-existing event" classname="Delete event" time="0.134">
    <failure message="expected:&lt;200&gt; but was:&lt;409&gt;" type="java.lang.AssertionError"><![CDATA[java.lang.AssertionError: expected:<200> but was:<409>
	at org.junit.Assert.fail(Assert.java:89)
	at org.junit.Assert.failNotEquals(Assert.java:835)
	at org.junit.Assert.assertEquals(Assert.java:647)
	at org.junit.Assert.assertEquals(Assert.java:633)
	at steps.AuthSteps.the_organizer_is_authenticated(AuthSteps.java:55)
	at ✽.the organizer is authenticated(file:///C:/Users/juanc/Documents/UNAL/Trabajos/Semestre%206/FastEventManager-main/FastEventManager-main/acceptance-tests/src/test/resources/features/delete_event.feature:24)
]]></failure>
    <system-out><![CDATA[
@delete_not_found
Scenario: Organizer attempts to delete a non-existing event &amp#27;[90m# src/test/resources/features/delete_event.feature:23&amp#27;[0m
  &amp#27;[31mGiven &amp#27;[0m&amp#27;[31mthe organizer is authenticated&amp#27;[0m                      &amp#27;[90m# steps.AuthSteps.the_organizer_is_authenticated()&amp#27;[0m
      &amp#27;[31mjava.lang.AssertionError: expected:<200> but was:<409>
	at org.junit.Assert.fail(Assert.java:89)
	at org.junit.Assert.failNotEquals(Assert.java:835)
	at org.junit.Assert.assertEquals(Assert.java:647)
	at org.junit.Assert.assertEquals(Assert.java:633)
	at steps.AuthSteps.the_organizer_is_authenticated(AuthSteps.java:55)
	at âœ½.the organizer is authenticated(file:///C:/Users/juanc/Documents/UNAL/Trabajos/Semestre%206/FastEventManager-main/FastEventManager-main/acceptance-tests/src/test/resources/features/delete_event.feature:24)
&amp#27;[0m
  &amp#27;[36mAnd &amp#27;[0m&amp#27;[36mno event exists with id &amp#27;[0m&amp#27;[36m&amp#27;[1m"99"&amp#27;[0m                          &amp#27;[90m# steps.DeleteEventSteps.no_event_exists_with_id(java.lang.String)&amp#27;[0m
  &amp#27;[36mWhen &amp#27;[0m&amp#27;[36mthe organizer deletes the event with id &amp#27;[0m&amp#27;[36m&amp#27;[1m"99"&amp#27;[0m         &amp#27;[90m# steps.DeleteEventSteps.the_organizer_deletes_the_event_with_id(java.lang.String)&amp#27;[0m
  &amp#27;[36mThen &amp#27;[0m&amp#27;[36mthe system should respond with status &amp#27;[0m&amp#27;[36m&amp#27;[1m404&amp#27;[0m            &amp#27;[90m# steps.DeleteEventSteps.the_system_should_respond_with_status(java.lang.Integer)&amp#27;[0m
  &amp#27;[36mAnd &amp#27;[0m&amp#27;[36mthe response should contain message &amp#27;[0m&amp#27;[36m&amp#27;[1m"Event not found"&amp#27;[0m &amp#27;[90m# steps.CommonSteps.the_response_should_contain_message(java.lang.String)&amp#27;[0m
]]></system-out>
  </testcase>
  <testcase name="Login with valid credentials" classname="Organizer user login" time="0.111">
    <failure message="expected:&lt;200&gt; but was:&lt;409&gt;" type="java.lang.AssertionError"><![CDATA[java.lang.AssertionError: expected:<200> but was:<409>
	at org.junit.Assert.fail(Assert.java:89)
	at org.junit.Assert.failNotEquals(Assert.java:835)
	at org.junit.Assert.assertEquals(Assert.java:647)
	at org.junit.Assert.assertEquals(Assert.java:633)
	at steps.LoginSteps.the_system_should_authenticate_the_user(LoginSteps.java:77)
	at ✽.the system should authenticate the user(file:///C:/Users/juanc/Documents/UNAL/Trabajos/Semestre%206/FastEventManager-main/FastEventManager-main/acceptance-tests/src/test/resources/features/login.feature:19)
]]></failure>
    <system-out><![CDATA[
@successful_login
Scenario: Login with valid credentials                                     &amp#27;[90m# src/test/resources/features/login.feature:13&amp#27;[0m
  &amp#27;[32mGiven &amp#27;[0m&amp#27;[32ma user with username &amp#27;[0m&amp#27;[32m&amp#27;[1m"organizer1"&amp#27;[0m&amp#27;[32m and password &amp#27;[0m&amp#27;[32m&amp#27;[1m"mypassword"&amp#27;[0m&amp#27;[32m exists&amp#27;[0m &amp#27;[90m# steps.LoginSteps.a_user_exists(java.lang.String,java.lang.String)&amp#27;[0m
  &amp#27;[32mAnd &amp#27;[0m&amp#27;[32ma login request with:&amp#27;[0m                                                &amp#27;[90m# steps.LoginSteps.a_login_request_with(io.cucumber.datatable.DataTable)&amp#27;[0m
    | username | organizer1 |
    | password | mypassword |
  &amp#27;[32mWhen &amp#27;[0m&amp#27;[32mthe user submits the login request&amp#27;[0m                                  &amp#27;[90m# steps.LoginSteps.the_user_submits_the_login_request()&amp#27;[0m
  &amp#27;[31mThen &amp#27;[0m&amp#27;[31mthe system should authenticate the user&amp#27;[0m                             &amp#27;[90m# steps.LoginSteps.the_system_should_authenticate_the_user()&amp#27;[0m
      &amp#27;[31mjava.lang.AssertionError: expected:<200> but was:<409>
	at org.junit.Assert.fail(Assert.java:89)
	at org.junit.Assert.failNotEquals(Assert.java:835)
	at org.junit.Assert.assertEquals(Assert.java:647)
	at org.junit.Assert.assertEquals(Assert.java:633)
	at steps.LoginSteps.the_system_should_authenticate_the_user(LoginSteps.java:77)
	at âœ½.the system should authenticate the user(file:///C:/Users/juanc/Documents/UNAL/Trabajos/Semestre%206/FastEventManager-main/FastEventManager-main/acceptance-tests/src/test/resources/features/login.feature:19)
&amp#27;[0m
  &amp#27;[36mAnd &amp#27;[0m&amp#27;[36mthe response should contain a token&amp#27;[0m                                  &amp#27;[90m# steps.LoginSteps.the_response_should_contain_a_token()&amp#27;[0m
]]></system-out>
  </testcase>
  <testcase name="Login with invalid credentials" classname="Organizer user login" time="0.055">
    <system-out><![CDATA[
@failed_login
Scenario: Login with invalid credentials                        &amp#27;[90m# src/test/resources/features/login.feature:23&amp#27;[0m
  &amp#27;[32mGiven &amp#27;[0m&amp#27;[32ma login request with:&amp#27;[0m                                   &amp#27;[90m# steps.LoginSteps.a_login_request_with(io.cucumber.datatable.DataTable)&amp#27;[0m
    | username | organizer1 |
    | password | wrongpass  |
  &amp#27;[32mWhen &amp#27;[0m&amp#27;[32mthe user submits the login request&amp#27;[0m                       &amp#27;[90m# steps.LoginSteps.the_user_submits_the_login_request()&amp#27;[0m
  &amp#27;[32mThen &amp#27;[0m&amp#27;[32mthe response status should be &amp#27;[0m&amp#27;[32m&amp#27;[1m409&amp#27;[0m                        &amp#27;[90m# steps.CommonSteps.the_response_status_should_be(java.lang.Integer)&amp#27;[0m
  &amp#27;[32mAnd &amp#27;[0m&amp#27;[32mthe response should contain message &amp#27;[0m&amp#27;[32m&amp#27;[1m"Invalid credentials"&amp#27;[0m &amp#27;[90m# steps.CommonSteps.the_response_should_contain_message(java.lang.String)&amp#27;[0m
]]></system-out>
  </testcase>
  <testcase name="Successful password reset request" classname="Password reset" time="0.066">
    <failure message="expected:&lt;200&gt; but was:&lt;404&gt;" type="java.lang.AssertionError"><![CDATA[java.lang.AssertionError: expected:<200> but was:<404>
	at org.junit.Assert.fail(Assert.java:89)
	at org.junit.Assert.failNotEquals(Assert.java:835)
	at org.junit.Assert.assertEquals(Assert.java:647)
	at org.junit.Assert.assertEquals(Assert.java:633)
	at steps.ResetPasswordSteps.the_system_should_send_a_password_reset_link_to(ResetPasswordSteps.java:70)
	at ✽.the system should send a password reset link to "john@example.com"(file:///C:/Users/juanc/Documents/UNAL/Trabajos/Semestre%206/FastEventManager-main/FastEventManager-main/acceptance-tests/src/test/resources/features/reset_password.feature:17)
]]></failure>
    <system-out><![CDATA[
@reset_success
Scenario: Successful password reset request                               &amp#27;[90m# src/test/resources/features/reset_password.feature:12&amp#27;[0m
  &amp#27;[32mGiven &amp#27;[0m&amp#27;[32man existing user with email &amp#27;[0m&amp#27;[32m&amp#27;[1m"john@example.com"&amp#27;[0m                    &amp#27;[90m# steps.ResetPasswordSteps.an_existing_user_with_email(java.lang.String)&amp#27;[0m
  &amp#27;[32mAnd &amp#27;[0m&amp#27;[32ma password reset request with:&amp#27;[0m                                      &amp#27;[90m# steps.ResetPasswordSteps.a_password_reset_request_with(io.cucumber.datatable.DataTable)&amp#27;[0m
    | email | john@example.com |
  &amp#27;[32mWhen &amp#27;[0m&amp#27;[32mthe user submits the password reset request&amp#27;[0m                        &amp#27;[90m# steps.ResetPasswordSteps.the_user_submits_the_password_reset_request()&amp#27;[0m
  &amp#27;[31mThen &amp#27;[0m&amp#27;[31mthe system should send a password reset link to &amp#27;[0m&amp#27;[31m&amp#27;[1m"john@example.com"&amp#27;[0m &amp#27;[90m# steps.ResetPasswordSteps.the_system_should_send_a_password_reset_link_to(java.lang.String)&amp#27;[0m
      &amp#27;[31mjava.lang.AssertionError: expected:<200> but was:<404>
	at org.junit.Assert.fail(Assert.java:89)
	at org.junit.Assert.failNotEquals(Assert.java:835)
	at org.junit.Assert.assertEquals(Assert.java:647)
	at org.junit.Assert.assertEquals(Assert.java:633)
	at steps.ResetPasswordSteps.the_system_should_send_a_password_reset_link_to(ResetPasswordSteps.java:70)
	at âœ½.the system should send a password reset link to "john@example.com"(file:///C:/Users/juanc/Documents/UNAL/Trabajos/Semestre%206/FastEventManager-main/FastEventManager-main/acceptance-tests/src/test/resources/features/reset_password.feature:17)
&amp#27;[0m
  &amp#27;[36mAnd &amp#27;[0m&amp#27;[36mthe response status should be &amp#27;[0m&amp#27;[36m&amp#27;[1m200&amp#27;[0m                                   &amp#27;[90m# steps.CommonSteps.the_response_status_should_be(java.lang.Integer)&amp#27;[0m
  &amp#27;[36mAnd &amp#27;[0m&amp#27;[36mthe response should contain message &amp#27;[0m&amp#27;[36m&amp#27;[1m"Reset link sent"&amp#27;[0m               &amp#27;[90m# steps.CommonSteps.the_response_should_contain_message(java.lang.String)&amp#27;[0m
]]></system-out>
  </testcase>
  <testcase name="Password reset fails when the email does not exist" classname="Password reset" time="0.015">
    <failure type="java.lang.AssertionError"><![CDATA[java.lang.AssertionError
	at org.junit.Assert.fail(Assert.java:87)
	at org.junit.Assert.assertTrue(Assert.java:42)
	at org.junit.Assert.assertTrue(Assert.java:53)
	at steps.CommonSteps.the_response_should_contain_message(CommonSteps.java:16)
	at ✽.the response should contain message "User not found"(file:///C:/Users/juanc/Documents/UNAL/Trabajos/Semestre%206/FastEventManager-main/FastEventManager-main/acceptance-tests/src/test/resources/features/reset_password.feature:28)
]]></failure>
    <system-out><![CDATA[
@reset_user_not_found
Scenario: Password reset fails when the email does not exist &amp#27;[90m# src/test/resources/features/reset_password.feature:22&amp#27;[0m
  &amp#27;[32mGiven &amp#27;[0m&amp#27;[32mno user exists with email &amp#27;[0m&amp#27;[32m&amp#27;[1m"ghost@example.com"&amp#27;[0m        &amp#27;[90m# steps.ResetPasswordSteps.no_user_exists_with_email(java.lang.String)&amp#27;[0m
  &amp#27;[32mAnd &amp#27;[0m&amp#27;[32ma password reset request with:&amp#27;[0m                         &amp#27;[90m# steps.ResetPasswordSteps.a_password_reset_request_with(io.cucumber.datatable.DataTable)&amp#27;[0m
    | email | ghost@example.com |
  &amp#27;[32mWhen &amp#27;[0m&amp#27;[32mthe user submits the password reset request&amp#27;[0m           &amp#27;[90m# steps.ResetPasswordSteps.the_user_submits_the_password_reset_request()&amp#27;[0m
  &amp#27;[32mThen &amp#27;[0m&amp#27;[32mthe response status should be &amp#27;[0m&amp#27;[32m&amp#27;[1m404&amp#27;[0m                     &amp#27;[90m# steps.CommonSteps.the_response_status_should_be(java.lang.Integer)&amp#27;[0m
  &amp#27;[31mAnd &amp#27;[0m&amp#27;[31mthe response should contain message &amp#27;[0m&amp#27;[31m&amp#27;[1m"User not found"&amp#27;[0m   &amp#27;[90m# steps.CommonSteps.the_response_should_contain_message(java.lang.String)&amp#27;[0m
      &amp#27;[31mjava.lang.AssertionError
	at org.junit.Assert.fail(Assert.java:87)
	at org.junit.Assert.assertTrue(Assert.java:42)
	at org.junit.Assert.assertTrue(Assert.java:53)
	at steps.CommonSteps.the_response_should_contain_message(CommonSteps.java:16)
	at âœ½.the response should contain message "User not found"(file:///C:/Users/juanc/Documents/UNAL/Trabajos/Semestre%206/FastEventManager-main/FastEventManager-main/acceptance-tests/src/test/resources/features/reset_password.feature:28)
&amp#27;[0m
]]></system-out>
  </testcase>
  <testcase name="Organizer copies the event share link" classname="Share event link" time="0.09">
    <failure message="expected:&lt;200&gt; but was:&lt;409&gt;" type="java.lang.AssertionError"><![CDATA[java.lang.AssertionError: expected:<200> but was:<409>
	at org.junit.Assert.fail(Assert.java:89)
	at org.junit.Assert.failNotEquals(Assert.java:835)
	at org.junit.Assert.assertEquals(Assert.java:647)
	at org.junit.Assert.assertEquals(Assert.java:633)
	at steps.AuthSteps.the_organizer_is_authenticated(AuthSteps.java:55)
	at ✽.the organizer is authenticated(file:///C:/Users/juanc/Documents/UNAL/Trabajos/Semestre%206/FastEventManager-main/FastEventManager-main/acceptance-tests/src/test/resources/features/share_event.feature:13)
]]></failure>
    <system-out><![CDATA[
Scenario: Organizer copies the event share link                                     &amp#27;[90m# src/test/resources/features/share_event.feature:12&amp#27;[0m
  &amp#27;[31mGiven &amp#27;[0m&amp#27;[31mthe organizer is authenticated&amp#27;[0m                                              &amp#27;[90m# steps.AuthSteps.the_organizer_is_authenticated()&amp#27;[0m
      &amp#27;[31mjava.lang.AssertionError: expected:<200> but was:<409>
	at org.junit.Assert.fail(Assert.java:89)
	at org.junit.Assert.failNotEquals(Assert.java:835)
	at org.junit.Assert.assertEquals(Assert.java:647)
	at org.junit.Assert.assertEquals(Assert.java:633)
	at steps.AuthSteps.the_organizer_is_authenticated(AuthSteps.java:55)
	at âœ½.the organizer is authenticated(file:///C:/Users/juanc/Documents/UNAL/Trabajos/Semestre%206/FastEventManager-main/FastEventManager-main/acceptance-tests/src/test/resources/features/share_event.feature:13)
&amp#27;[0m
  &amp#27;[36mAnd &amp#27;[0m&amp#27;[36man event exists with id &amp#27;[0m&amp#27;[36m&amp#27;[1m"20"&amp#27;[0m&amp#27;[36m and share link &amp#27;[0m&amp#27;[36m&amp#27;[1m"http://localhost:8003/events/20"&amp#27;[0m &amp#27;[90m# steps.ShareEventSteps.an_event_exists_with_id_and_share_link(java.lang.String,java.lang.String)&amp#27;[0m
  &amp#27;[36mWhen &amp#27;[0m&amp#27;[36mthe organizer clicks the Share event button for id &amp#27;[0m&amp#27;[36m&amp#27;[1m"20"&amp#27;[0m                      &amp#27;[90m# steps.ShareEventSteps.the_organizer_clicks_the_share_event_button_for_id(java.lang.String)&amp#27;[0m
  &amp#27;[36mThen &amp#27;[0m&amp#27;[36mthe system should copy &amp#27;[0m&amp#27;[36m&amp#27;[1m"http://localhost:8003/events/20"&amp#27;[0m&amp#27;[36m to the clipboard&amp#27;[0m    &amp#27;[90m# steps.ShareEventSteps.the_system_should_copy_to_the_clipboard(java.lang.String)&amp#27;[0m
]]></system-out>
  </testcase>
</testsuite>